<?xml version="1.0" encoding="UTF-8"?>
<!-- Generated by org.testng.reporters.JUnitReportReporter -->
<testsuite hostname="John-Wesly.local" failures="0" tests="10" name="com.qf.androidautomation.runner.TestRunner" time="620.117" errors="0" timestamp="2024-06-06T12:16:33 IST" skipped="0">
  <testcase classname="com.qf.androidautomation.runner.TestRunner" name="runScenario" time="8.513"/>
  <system-out/>
  <testcase classname="com.qf.androidautomation.runner.TestRunner" name="runScenario" time="403.530"/>
  <system-out/>
  <testcase classname="com.qf.androidautomation.runner.TestRunner" name="runScenario" time="17.893"/>
  <system-out/>
  <testcase classname="com.qf.androidautomation.runner.TestRunner" name="runScenario" time="26.124"/>
  <system-out/>
  <testcase classname="com.qf.androidautomation.runner.TestRunner" name="runScenario" time="4.100"/>
  <system-out/>
  <testcase classname="com.qf.androidautomation.runner.TestRunner" name="runScenario" time="7.765"/>
  <system-out/>
  <testcase classname="com.qf.androidautomation.runner.TestRunner" name="runScenario" time="14.441"/>
  <system-out/>
  <testcase classname="com.qf.androidautomation.runner.TestRunner" name="runScenario" time="56.698"/>
  <system-out/>
  <testcase classname="com.qf.androidautomation.runner.TestRunner" name="runScenario" time="65.009"/>
  <system-out/>
  <testcase classname="com.qf.androidautomation.runner.TestRunner" name="runScenario" time="16.044"/>
  <system-out/>
</testsuite> <!-- com.qf.androidautomation.runner.TestRunner -->
